[ 2013-12-28T00:10:59+08:00 ] ERR: (ThinkException) цЧац│ХхКаш╜╜цибхЭЧ:qc
[ 2013-12-28T00:10:59+08:00 ] ERR: (ThinkException) цЧац│ХхКаш╜╜цибхЭЧ:qc
[ 2013-12-28T00:10:59+08:00 ] ERR: (ThinkException) цЧац│ХхКаш╜╜цибхЭЧ:qc
[ 2013-12-28T18:08:12+08:00 ] ERR: (ThinkException) ╙╔╙┌─┐▒ъ╝╞╦у╗·╗¤╝л╛▄╛°гм╬▐╖и┴м╜╙бг

[ 2013-12-28T20:19:02+08:00 ] ERR: (ThinkException) цЧац│ХхКаш╜╜цибхЭЧ:qc
[ 2013-12-28T20:20:17+08:00 ] ERR: (ThinkException) цЧац│ХхКаш╜╜цибхЭЧ:qc
[ 2013-12-28T20:21:16+08:00 ] ERR: (ThinkException) цЧац│ХхКаш╜╜цибхЭЧ:qc
[ 2013-12-28T20:43:03+08:00 ] ERR: (ThinkException) цЧац│ХхКаш╜╜цибхЭЧ:qc
[ 2013-12-28T20:43:41+08:00 ] ERR: (ThinkException) цЧац│ХхКаш╜╜цибхЭЧ:qc
[ 2013-12-28T20:44:08+08:00 ] ERR: (ThinkException) цЧац│ХхКаш╜╜цибхЭЧ:qc
[ 2013-12-28T20:44:13+08:00 ] ERR: (ThinkException) цЧац│ХхКаш╜╜цибхЭЧ:qc
[ 2013-12-28T20:44:29+08:00 ] ERR: (ThinkException) цЧац│ХхКаш╜╜цибхЭЧ:qc
[ 2013-12-28T20:44:42+08:00 ] ERR: (ThinkException) цЧац│ХхКаш╜╜цибхЭЧ:qc
[ 2013-12-28T20:46:14+08:00 ] ERR: (ThinkException) цЧац│ХхКаш╜╜цибхЭЧ:qc
[ 2013-12-28T20:46:16+08:00 ] ERR: (ThinkException) цЧац│ХхКаш╜╜цибхЭЧ:qc
[ 2013-12-28T20:47:01+08:00 ] ERR: (ThinkException) цЧац│ХхКаш╜╜цибхЭЧ:qc
[ 2013-12-28T20:47:24+08:00 ] ERR: (ThinkException) цЧац│ХхКаш╜╜цибхЭЧ:qc
[ 2013-12-28T20:47:43+08:00 ] ERR: (ThinkException) цЧац│ХхКаш╜╜цибхЭЧ:qc
[ 2013-12-28T20:48:33+08:00 ] ERR: (ThinkException) цЧац│ХхКаш╜╜цибхЭЧ:qc
[ 2013-12-28T20:55:30+08:00 ] ERR: (ThinkException) цЧац│ХхКаш╜╜цибхЭЧ:qc
[ 2013-12-28T20:56:01+08:00 ] ERR: (ThinkException) цЧац│ХхКаш╜╜цибхЭЧ:qc
[ 2013-12-28T20:56:15+08:00 ] ERR: (ThinkException) цЧац│ХхКаш╜╜цибхЭЧ:qc
[ 2013-12-28T20:57:11+08:00 ] ERR: (ThinkException) цЧац│ХхКаш╜╜цибхЭЧ:qc
[ 2013-12-28T20:57:43+08:00 ] ERR: (ThinkException) цЧац│ХхКаш╜╜цибхЭЧ:qc
[ 2013-12-28T20:58:22+08:00 ] ERR: (ThinkException) цЧац│ХхКаш╜╜цибхЭЧ:qc
[ 2013-12-28T20:58:37+08:00 ] ERR: (ThinkException) цЧац│ХхКаш╜╜цибхЭЧ:qc
[ 2013-12-28T20:58:52+08:00 ] ERR: (ThinkException) цЧац│ХхКаш╜╜цибхЭЧ:qc
[ 2013-12-28T20:59:38+08:00 ] ERR: (ThinkException) цЧац│ХхКаш╜╜цибхЭЧ:qc
[ 2013-12-28T21:02:29+08:00 ] ERR: (ThinkException) щЭЮц│ХцУНф╜Ь:index.php
[ 2013-12-28T21:03:13+08:00 ] ERR: (ThinkException) щЭЮц│ХцУНф╜Ь:index.php
[ 2013-12-28T21:03:18+08:00 ] ERR: (ThinkException) щЭЮц│ХцУНф╜Ь:__APP__
[ 2013-12-28T21:06:54+08:00 ] ERR: (ThinkException) щЭЮц│ХцУНф╜Ь:щААхЗ║цИРхКЯя╝МцнгхЬиш╖│ш╜м...
[ 2013-12-28T21:12:28+08:00 ] ERR: (ThinkException) цЧац│ХхКаш╜╜цибхЭЧ:qc
[ 2013-12-28T21:12:39+08:00 ] ERR: (ThinkException) цЧац│ХхКаш╜╜цибхЭЧ:qc
[ 2013-12-28T21:14:13+08:00 ] ERR: (ThinkException) цЧац│ХхКаш╜╜цибхЭЧ:qc
[ 2013-12-28T22:22:09+08:00 ] ERR: (ThinkException) щЭЮц│ХцУНф╜Ь:images
[ 2013-12-28T22:22:09+08:00 ] ERR: (ThinkException) щЭЮц│ХцУНф╜Ь:images
[ 2013-12-28T22:22:09+08:00 ] ERR: (ThinkException) щЭЮц│ХцУНф╜Ь:images
[ 2013-12-28T22:22:09+08:00 ] ERR: (ThinkException) щЭЮц│ХцУНф╜Ь:images
[ 2013-12-28T22:22:09+08:00 ] ERR: (ThinkException) цЧац│ХхКаш╜╜цибхЭЧ:qc
[ 2013-12-28T23:55:26+08:00 ] ERR: (ThinkException) цЧац│ХхКаш╜╜цибхЭЧ:qc
[ 2013-12-28T23:56:42+08:00 ] ERR: (ThinkException) цЧац│ХхКаш╜╜цибхЭЧ:qc
[ 2013-12-28T23:56:43+08:00 ] ERR: (ThinkException) цЧац│ХхКаш╜╜цибхЭЧ:qc
[ 2013-12-28T23:56:44+08:00 ] ERR: (ThinkException) цЧац│ХхКаш╜╜цибхЭЧ:qc
[ 2013-12-28T23:56:45+08:00 ] ERR: (ThinkException) цЧац│ХхКаш╜╜цибхЭЧ:qc
[ 2013-12-28T23:57:16+08:00 ] ERR: (ThinkException) цЧац│ХхКаш╜╜цибхЭЧ:qc
[ 2013-12-28T23:57:18+08:00 ] ERR: (ThinkException) цЧац│ХхКаш╜╜цибхЭЧ:qc
[ 2013-12-28T23:58:13+08:00 ] ERR: (ThinkException) цЧац│ХхКаш╜╜цибхЭЧ:qc
[ 2013-12-28T23:58:14+08:00 ] ERR: (ThinkException) цЧац│ХхКаш╜╜цибхЭЧ:qc
[ 2013-12-28T23:58:16+08:00 ] ERR: (ThinkException) цЧац│ХхКаш╜╜цибхЭЧ:qc
