[ 2013-12-29T00:58:07+08:00 ] ERR: (ThinkException) 无法加载模块:qc
[ 2013-12-29T01:00:05+08:00 ] ERR: (ThinkException) 无法加载模块:qc
[ 2013-12-29T01:00:06+08:00 ] ERR: (ThinkException) 无法加载模块:qc
[ 2013-12-29T01:00:07+08:00 ] ERR: (ThinkException) 无法加载模块:qc
[ 2013-12-29T11:08:41+08:00 ] ERR: (ThinkException) 非法操作:images
[ 2013-12-29T11:08:41+08:00 ] ERR: (ThinkException) 非法操作:images
[ 2013-12-29T11:08:44+08:00 ] ERR: (ThinkException) 非法操作:images
[ 2013-12-29T11:08:44+08:00 ] ERR: (ThinkException) 非法操作:images
[ 2013-12-29T11:10:29+08:00 ] ERR: (ThinkException) 非法操作:images
[ 2013-12-29T11:10:29+08:00 ] ERR: (ThinkException) 非法操作:images
[ 2013-12-29T11:10:30+08:00 ] ERR: (ThinkException) 非法操作:images
[ 2013-12-29T11:10:30+08:00 ] ERR: (ThinkException) 非法操作:images
[ 2013-12-29T11:10:31+08:00 ] ERR: (ThinkException) 非法操作:images
[ 2013-12-29T11:10:31+08:00 ] ERR: (ThinkException) 非法操作:images
[ 2013-12-29T11:10:54+08:00 ] ERR: (ThinkException) 非法操作:images
[ 2013-12-29T11:10:54+08:00 ] ERR: (ThinkException) 非法操作:images
[ 2013-12-29T11:10:55+08:00 ] ERR: (ThinkException) 非法操作:images
[ 2013-12-29T11:10:55+08:00 ] ERR: (ThinkException) 非法操作:images
[ 2013-12-29T11:12:44+08:00 ] ERR: (ThinkException) 非法操作:images
[ 2013-12-29T11:13:32+08:00 ] ERR: (ThinkException) 非法操作:images
[ 2013-12-29T11:15:02+08:00 ] ERR: (ThinkException) 非法操作:images
[ 2013-12-29T11:15:07+08:00 ] ERR: (ThinkException) 非法操作:images
[ 2013-12-29T11:16:23+08:00 ] ERR: (ThinkException) 非法操作:css
[ 2013-12-29T11:16:23+08:00 ] ERR: (ThinkException) 非法操作:images
[ 2013-12-29T11:16:23+08:00 ] ERR: (ThinkException) 非法操作:css
[ 2013-12-29T11:16:23+08:00 ] ERR: (ThinkException) 非法操作:My97DatePicker
[ 2013-12-29T11:16:23+08:00 ] ERR: (ThinkException) 非法操作:js
[ 2013-12-29T11:16:23+08:00 ] ERR: (ThinkException) 非法操作:js
[ 2013-12-29T11:16:23+08:00 ] ERR: (ThinkException) 非法操作:images
[ 2013-12-29T11:16:23+08:00 ] ERR: (ThinkException) 非法操作:images
[ 2013-12-29T11:16:23+08:00 ] ERR: (ThinkException) 非法操作:images
[ 2013-12-29T11:16:23+08:00 ] ERR: (ThinkException) 非法操作:images
[ 2013-12-29T11:16:23+08:00 ] ERR: (ThinkException) 非法操作:images
[ 2013-12-29T11:16:23+08:00 ] ERR: (ThinkException) 非法操作:images
[ 2013-12-29T11:16:24+08:00 ] ERR: (ThinkException) 非法操作:css
[ 2013-12-29T11:16:24+08:00 ] ERR: (ThinkException) 非法操作:images
[ 2013-12-29T11:16:24+08:00 ] ERR: (ThinkException) 非法操作:css
[ 2013-12-29T11:16:24+08:00 ] ERR: (ThinkException) 非法操作:js
[ 2013-12-29T11:16:24+08:00 ] ERR: (ThinkException) 非法操作:My97DatePicker
[ 2013-12-29T11:16:24+08:00 ] ERR: (ThinkException) 非法操作:js
[ 2013-12-29T11:16:24+08:00 ] ERR: (ThinkException) 非法操作:images
[ 2013-12-29T11:16:24+08:00 ] ERR: (ThinkException) 非法操作:images
[ 2013-12-29T11:16:24+08:00 ] ERR: (ThinkException) 非法操作:images
[ 2013-12-29T11:16:24+08:00 ] ERR: (ThinkException) 非法操作:images
[ 2013-12-29T11:16:24+08:00 ] ERR: (ThinkException) 非法操作:images
[ 2013-12-29T11:16:24+08:00 ] ERR: (ThinkException) 非法操作:images
[ 2013-12-29T11:17:44+08:00 ] ERR: (ThinkException) 非法操作:images
[ 2013-12-29T11:17:44+08:00 ] ERR: (ThinkException) 非法操作:images
[ 2013-12-29T11:17:46+08:00 ] ERR: (ThinkException) 非法操作:images
[ 2013-12-29T11:17:46+08:00 ] ERR: (ThinkException) 非法操作:images
[ 2013-12-29T11:19:11+08:00 ] ERR: (ThinkException) 非法操作:images
[ 2013-12-29T11:19:11+08:00 ] ERR: (ThinkException) 非法操作:images
[ 2013-12-29T11:19:13+08:00 ] ERR: (ThinkException) 非法操作:images
[ 2013-12-29T11:19:13+08:00 ] ERR: (ThinkException) 非法操作:images
[ 2013-12-29T11:19:14+08:00 ] ERR: (ThinkException) 非法操作:images
[ 2013-12-29T11:19:14+08:00 ] ERR: (ThinkException) 非法操作:images
[ 2013-12-29T11:19:14+08:00 ] ERR: (ThinkException) 非法操作:images
[ 2013-12-29T11:19:15+08:00 ] ERR: (ThinkException) 非法操作:images
[ 2013-12-29T11:19:15+08:00 ] ERR: (ThinkException) 非法操作:images
[ 2013-12-29T11:19:15+08:00 ] ERR: (ThinkException) 非法操作:images
[ 2013-12-29T11:19:16+08:00 ] ERR: (ThinkException) 非法操作:images
[ 2013-12-29T11:19:16+08:00 ] ERR: (ThinkException) 非法操作:images
[ 2013-12-29T11:20:08+08:00 ] ERR: (ThinkException) 无法加载模块:qc
[ 2013-12-29T11:20:59+08:00 ] ERR: (ThinkException) 非法操作:images
[ 2013-12-29T11:20:59+08:00 ] ERR: (ThinkException) 非法操作:images
[ 2013-12-29T11:20:59+08:00 ] ERR: (ThinkException) 无法加载模块:qc
[ 2013-12-29T11:21:00+08:00 ] ERR: (ThinkException) 非法操作:images
[ 2013-12-29T11:21:00+08:00 ] ERR: (ThinkException) 非法操作:images
[ 2013-12-29T11:21:00+08:00 ] ERR: (ThinkException) 无法加载模块:qc
[ 2013-12-29T11:21:01+08:00 ] ERR: (ThinkException) 非法操作:images
[ 2013-12-29T11:21:01+08:00 ] ERR: (ThinkException) 非法操作:images
[ 2013-12-29T11:21:01+08:00 ] ERR: (ThinkException) 无法加载模块:qc
[ 2013-12-29T11:22:08+08:00 ] ERR: (ThinkException) 无法加载模块:qc
[ 2013-12-29T11:23:23+08:00 ] ERR: (ThinkException) 非法操作:images
[ 2013-12-29T11:23:23+08:00 ] ERR: (ThinkException) 非法操作:images
[ 2013-12-29T11:23:23+08:00 ] ERR: (ThinkException) 无法加载模块:qc
[ 2013-12-29T11:24:27+08:00 ] ERR: (ThinkException) 非法操作:images
[ 2013-12-29T11:24:27+08:00 ] ERR: (ThinkException) 非法操作:images
[ 2013-12-29T11:26:31+08:00 ] ERR: (ThinkException) 非法操作:images
[ 2013-12-29T11:27:19+08:00 ] ERR: (ThinkException) 非法操作:images
[ 2013-12-29T11:33:00+08:00 ] ERR: (ThinkException) 无法加载模块:qc
[ 2013-12-29T11:33:30+08:00 ] ERR: (ThinkException) 无法加载模块:qc
[ 2013-12-29T11:33:32+08:00 ] ERR: (ThinkException) 无法加载模块:qc
[ 2013-12-29T11:34:04+08:00 ] ERR: (ThinkException) 无法加载模块:qc
[ 2013-12-29T11:34:13+08:00 ] ERR: (ThinkException) 无法加载模块:qc
[ 2013-12-29T11:34:29+08:00 ] ERR: (ThinkException) 无法加载模块:qc
[ 2013-12-29T11:34:43+08:00 ] ERR: (ThinkException) 无法加载模块:qc
[ 2013-12-29T11:34:54+08:00 ] ERR: (ThinkException) 无法加载模块:qc
[ 2013-12-29T11:35:24+08:00 ] ERR: (ThinkException) 无法加载模块:qc
[ 2013-12-29T11:35:32+08:00 ] ERR: (ThinkException) 无法加载模块:qc
[ 2013-12-29T11:35:42+08:00 ] ERR: (ThinkException) 无法加载模块:qc
[ 2013-12-29T11:35:55+08:00 ] ERR: (ThinkException) 无法加载模块:qc
[ 2013-12-29T11:36:35+08:00 ] ERR: (ThinkException) 无法加载模块:qc
[ 2013-12-29T11:36:45+08:00 ] ERR: (ThinkException) 无法加载模块:qc
[ 2013-12-29T11:38:06+08:00 ] ERR: (ThinkException) 无法加载模块:qc
[ 2013-12-29T11:38:38+08:00 ] ERR: (ThinkException) 无法加载模块:qc
[ 2013-12-29T11:39:07+08:00 ] ERR: (ThinkException) 无法加载模块:qc
[ 2013-12-29T11:47:41+08:00 ] ERR: (ThinkException) 无法加载模块:qc
[ 2013-12-29T11:53:17+08:00 ] ERR: (ThinkException) 无法加载模块:qc
[ 2013-12-29T11:55:30+08:00 ] ERR: (ThinkException) 无法加载模块:qc
[ 2013-12-29T11:57:35+08:00 ] ERR: (ThinkException) 无法加载模块:qc
[ 2013-12-29T12:00:05+08:00 ] ERR: (ThinkException) 无法加载模块:qc
[ 2013-12-29T12:01:05+08:00 ] ERR: (ThinkException) 无法加载模块:qc
[ 2013-12-29T12:01:06+08:00 ] ERR: (ThinkException) 无法加载模块:qc
[ 2013-12-29T12:01:07+08:00 ] ERR: (ThinkException) 无法加载模块:qc
[ 2013-12-29T12:01:49+08:00 ] ERR: (ThinkException) 无法加载模块:qc
[ 2013-12-29T12:04:05+08:00 ] ERR: (ThinkException) 无法加载模块:qc
[ 2013-12-29T12:06:10+08:00 ] ERR: (ThinkException) 无法加载模块:qc
[ 2013-12-29T12:08:00+08:00 ] ERR: (ThinkException) 无法加载模块:qc
[ 2013-12-29T12:11:03+08:00 ] ERR: (ThinkException) 无法加载模块:qc
[ 2013-12-29T12:11:38+08:00 ] ERR: (ThinkException) 无法加载模块:qc
[ 2013-12-29T12:11:49+08:00 ] ERR: (ThinkException) 无法加载模块:qc
[ 2013-12-29T12:13:47+08:00 ] ERR: (ThinkException) 无法加载模块:qc
[ 2013-12-29T12:15:05+08:00 ] ERR: (ThinkException) 无法加载模块:qc
[ 2013-12-29T12:15:15+08:00 ] ERR: (ThinkException) 无法加载模块:qc
[ 2013-12-29T12:16:24+08:00 ] ERR: (ThinkException) 无法加载模块:qc
[ 2013-12-29T14:51:57+08:00 ] ERR: (ThinkException) 模板不存在[./qc/Modules/admin/Tpl/Login/login.html]
[ 2013-12-29T15:02:57+08:00 ] ERR: (ThinkException) 模板不存在[./qc/Modules/admin/Tpl/Login/Index.html]
[ 2013-12-29T15:04:15+08:00 ] ERR: (ThinkException) 模板不存在[./qc/Modules/admin/Tpl/Login/Index.html]
[ 2013-12-29T15:04:23+08:00 ] ERR: (ThinkException) 非法操作:U(
[ 2013-12-29T15:05:03+08:00 ] ERR: (ThinkException) 非法操作:U(
[ 2013-12-29T15:08:15+08:00 ] ERR: (ThinkException) 非法操作:admin
[ 2013-12-29T15:08:54+08:00 ] ERR: (ThinkException) 非法操作:admin
[ 2013-12-29T15:09:19+08:00 ] ERR: (ThinkException) 非法操作:admin
[ 2013-12-29T15:11:35+08:00 ] ERR: (ThinkException) 非法操作:admin
[ 2013-12-29T15:17:41+08:00 ] ERR: (ThinkException) 无法加载模块:index
[ 2013-12-29T15:17:52+08:00 ] ERR: (ThinkException) 无法加载模块:index
[ 2013-12-29T15:18:06+08:00 ] ERR: (ThinkException) 无法加载模块:index
[ 2013-12-29T15:18:09+08:00 ] ERR: (ThinkException) 无法加载模块:index
[ 2013-12-29T15:18:12+08:00 ] ERR: (ThinkException) 无法加载模块:index
[ 2013-12-29T15:18:23+08:00 ] ERR: (ThinkException) 无法加载模块:index.phpadmin
[ 2013-12-29T15:18:44+08:00 ] ERR: (ThinkException) 无法加载模块:index.phpadmin
[ 2013-12-29T15:19:46+08:00 ] ERR: (ThinkException) 非法操作:sechUser
[ 2013-12-29T15:20:02+08:00 ] ERR: (ThinkException) 无法加载模块:qc
[ 2013-12-29T15:20:19+08:00 ] ERR: (ThinkException) 无法加载模块:qc
[ 2013-12-29T15:34:09+08:00 ] ERR: (ThinkException) 非法操作:hotelList
[ 2013-12-29T15:45:56+08:00 ] ERR: (ThinkException) 无法加载模块:qc
[ 2013-12-29T15:46:11+08:00 ] ERR: (ThinkException) 无法加载模块:qc
[ 2013-12-29T15:46:31+08:00 ] ERR: (ThinkException) 无法加载模块:qc
[ 2013-12-29T15:46:42+08:00 ] ERR: (ThinkException) 无法加载模块:qc
[ 2013-12-29T15:46:52+08:00 ] ERR: (ThinkException) 无法加载模块:qc
[ 2013-12-29T15:46:59+08:00 ] ERR: (ThinkException) 无法加载模块:qc
[ 2013-12-29T15:47:13+08:00 ] ERR: (ThinkException) 无法加载模块:qc
[ 2013-12-29T15:47:22+08:00 ] ERR: (ThinkException) 无法加载模块:qc
[ 2013-12-29T15:47:30+08:00 ] ERR: (ThinkException) 无法加载模块:qc
[ 2013-12-29T15:47:39+08:00 ] ERR: (ThinkException) 无法加载模块:qc
[ 2013-12-29T15:47:47+08:00 ] ERR: (ThinkException) 无法加载模块:qc
[ 2013-12-29T15:47:48+08:00 ] ERR: (ThinkException) 无法加载模块:Data
[ 2013-12-29T15:47:57+08:00 ] ERR: (ThinkException) 无法加载模块:qc
[ 2013-12-29T15:48:06+08:00 ] ERR: (ThinkException) 无法加载模块:qc
[ 2013-12-29T15:48:16+08:00 ] ERR: (ThinkException) 无法加载模块:qc
[ 2013-12-29T15:48:38+08:00 ] ERR: (ThinkException) 无法加载模块:qc
[ 2013-12-29T15:48:47+08:00 ] ERR: (ThinkException) 无法加载模块:qc
[ 2013-12-29T15:48:57+08:00 ] ERR: (ThinkException) 无法加载模块:qc
[ 2013-12-29T15:54:58+08:00 ] ERR: (ThinkException) 非法操作:hotelList
[ 2013-12-29T15:57:33+08:00 ] ERR: (ThinkException) 非法操作:hotelList
[ 2013-12-29T16:05:04+08:00 ] ERR: (ThinkException) 非法操作:hotelList
[ 2013-12-29T16:07:51+08:00 ] ERR: (ThinkException) 非法操作:hotelList
[ 2013-12-29T16:10:20+08:00 ] ERR: (ThinkException) 模板不存在[./qc/Modules/Index/Tpl/Hotel/huiyi_list.html]
[ 2013-12-29T16:10:44+08:00 ] ERR: (ThinkException) 模板不存在[./qc/Modules/Index/Tpl/Hotel/huiyi_list.html]
[ 2013-12-29T16:56:20+08:00 ] ERR: (ThinkException) 无法加载模块:qc
[ 2013-12-29T16:57:20+08:00 ] ERR: (ThinkException) 无法加载模块:qc
[ 2013-12-29T16:57:21+08:00 ] ERR: (ThinkException) 无法加载模块:qc
[ 2013-12-29T16:58:37+08:00 ] ERR: (ThinkException) 无法加载模块:qc
[ 2013-12-29T16:58:38+08:00 ] ERR: (ThinkException) 无法加载模块:qc
[ 2013-12-29T16:59:18+08:00 ] ERR: (ThinkException) 无法加载模块:qc
[ 2013-12-29T16:59:19+08:00 ] ERR: (ThinkException) 无法加载模块:qc
[ 2013-12-29T16:59:20+08:00 ] ERR: (ThinkException) 无法加载模块:qc
[ 2013-12-29T17:00:36+08:00 ] ERR: (ThinkException) 无法加载模块:qc
[ 2013-12-29T17:01:35+08:00 ] ERR: (ThinkException) 无法加载模块:qc
[ 2013-12-29T17:01:35+08:00 ] ERR: (ThinkException) 无法加载模块:qc
[ 2013-12-29T17:04:28+08:00 ] ERR: (ThinkException) 无法加载模块:qc
[ 2013-12-29T17:04:29+08:00 ] ERR: (ThinkException) 无法加载模块:qc
[ 2013-12-29T17:04:31+08:00 ] ERR: (ThinkException) 无法加载模块:qc
[ 2013-12-29T17:04:44+08:00 ] ERR: (ThinkException) 无法加载模块:qc
[ 2013-12-29T17:04:45+08:00 ] ERR: (ThinkException) 无法加载模块:qc
[ 2013-12-29T17:04:48+08:00 ] ERR: (ThinkException) 无法加载模块:qc
[ 2013-12-29T17:04:49+08:00 ] ERR: (ThinkException) 无法加载模块:qc
[ 2013-12-29T17:04:52+08:00 ] ERR: (ThinkException) 无法加载模块:qc
[ 2013-12-29T17:04:53+08:00 ] ERR: (ThinkException) 无法加载模块:qc
[ 2013-12-29T17:04:58+08:00 ] ERR: (ThinkException) 无法加载模块:qc
[ 2013-12-29T17:04:59+08:00 ] ERR: (ThinkException) 无法加载模块:qc
[ 2013-12-29T17:05:02+08:00 ] ERR: (ThinkException) 无法加载模块:qc
[ 2013-12-29T17:05:04+08:00 ] ERR: (ThinkException) 无法加载模块:qc
[ 2013-12-29T17:05:07+08:00 ] ERR: (ThinkException) 无法加载模块:qc
[ 2013-12-29T17:08:12+08:00 ] ERR: (ThinkException) 无法加载模块:qc
[ 2013-12-29T17:08:13+08:00 ] ERR: (ThinkException) 无法加载模块:qc
[ 2013-12-29T17:08:50+08:00 ] ERR: (ThinkException) 无法加载模块:qc
[ 2013-12-29T17:08:52+08:00 ] ERR: (ThinkException) 无法加载模块:qc
[ 2013-12-29T17:09:07+08:00 ] ERR: (ThinkException) 无法加载模块:qc
[ 2013-12-29T17:10:13+08:00 ] ERR: (ThinkException) 无法加载模块:qc
[ 2013-12-29T17:11:36+08:00 ] ERR: (ThinkException) 无法加载模块:qc
[ 2013-12-29T17:14:41+08:00 ] ERR: (ThinkException) 无法加载模块:qc
[ 2013-12-29T17:14:42+08:00 ] ERR: (ThinkException) 无法加载模块:qc
[ 2013-12-29T17:15:25+08:00 ] ERR: (ThinkException) 无法加载模块:qc
[ 2013-12-29T17:15:27+08:00 ] ERR: (ThinkException) 无法加载模块:qc
[ 2013-12-29T17:18:19+08:00 ] ERR: (ThinkException) 无法加载模块:qc
[ 2013-12-29T17:19:47+08:00 ] ERR: (ThinkException) 无法加载模块:qc
[ 2013-12-29T17:19:55+08:00 ] ERR: (ThinkException) 无法加载模块:qc
[ 2013-12-29T17:21:09+08:00 ] ERR: (ThinkException) 无法加载模块:qc
[ 2013-12-29T21:16:12+08:00 ] ERR: (ThinkException) 无法加载模块:qc
[ 2013-12-29T21:17:20+08:00 ] ERR: (ThinkException) 无法加载模块:qc
[ 2013-12-29T21:17:21+08:00 ] ERR: (ThinkException) 无法加载模块:qc
[ 2013-12-29T21:17:43+08:00 ] ERR: (ThinkException) 无法加载模块:qc
[ 2013-12-29T21:17:45+08:00 ] ERR: (ThinkException) 无法加载模块:qc
[ 2013-12-29T21:18:29+08:00 ] ERR: (ThinkException) 无法加载模块:qc
[ 2013-12-29T21:18:30+08:00 ] ERR: (ThinkException) 无法加载模块:qc
[ 2013-12-29T21:18:31+08:00 ] ERR: (ThinkException) 无法加载模块:qc
[ 2013-12-29T21:19:49+08:00 ] ERR: (ThinkException) 无法加载模块:qc
[ 2013-12-29T21:19:50+08:00 ] ERR: (ThinkException) 无法加载模块:qc
[ 2013-12-29T21:20:12+08:00 ] ERR: (ThinkException) 无法加载模块:qc
[ 2013-12-29T21:20:23+08:00 ] ERR: (ThinkException) 无法加载模块:qc
[ 2013-12-29T21:20:28+08:00 ] ERR: (ThinkException) 无法加载模块:qc
[ 2013-12-29T21:23:51+08:00 ] ERR: (ThinkException) 无法加载模块:qc
[ 2013-12-29T21:24:18+08:00 ] ERR: (ThinkException) 无法加载模块:qc
[ 2013-12-29T21:24:19+08:00 ] ERR: (ThinkException) 无法加载模块:qc
[ 2013-12-29T21:24:24+08:00 ] ERR: (ThinkException) 无法加载模块:qc
[ 2013-12-29T21:24:32+08:00 ] ERR: (ThinkException) 无法加载模块:qc
[ 2013-12-29T21:26:18+08:00 ] ERR: (ThinkException) 无法加载模块:qc
[ 2013-12-29T21:40:28+08:00 ] ERR: (ThinkException) 无法加载模块:qc
[ 2013-12-29T21:40:34+08:00 ] ERR: (ThinkException) 无法加载模块:qc
[ 2013-12-29T21:40:38+08:00 ] ERR: (ThinkException) 无法加载模块:qc
[ 2013-12-29T21:40:44+08:00 ] ERR: (ThinkException) 无法加载模块:qc
[ 2013-12-29T21:43:40+08:00 ] ERR: (ThinkException) 无法加载模块:qc
[ 2013-12-29T21:44:34+08:00 ] ERR: (ThinkException) 无法加载模块:qc
[ 2013-12-29T21:44:42+08:00 ] ERR: (ThinkException) 无法加载模块:qc
[ 2013-12-29T21:45:33+08:00 ] ERR: (ThinkException) 无法加载模块:qc
[ 2013-12-29T21:45:41+08:00 ] ERR: (ThinkException) 无法加载模块:qc
[ 2013-12-29T21:45:51+08:00 ] ERR: (ThinkException) 无法加载模块:qc
[ 2013-12-29T21:46:08+08:00 ] ERR: (ThinkException) 无法加载模块:qc
[ 2013-12-29T21:49:10+08:00 ] ERR: (ThinkException) 无法加载模块:qc
[ 2013-12-29T21:49:27+08:00 ] ERR: (ThinkException) 无法加载模块:qc
[ 2013-12-29T21:53:00+08:00 ] ERR: (ThinkException) 无法加载模块:qc
[ 2013-12-29T21:53:16+08:00 ] ERR: (ThinkException) 无法加载模块:qc
[ 2013-12-29T21:54:16+08:00 ] ERR: (ThinkException) 无法加载模块:qc
[ 2013-12-29T21:55:41+08:00 ] ERR: (ThinkException) 无法加载模块:qc
[ 2013-12-29T21:56:51+08:00 ] ERR: (ThinkException) 无法加载模块:qc
[ 2013-12-29T21:57:02+08:00 ] ERR: (ThinkException) 无法加载模块:qc
[ 2013-12-29T21:57:11+08:00 ] ERR: (ThinkException) 无法加载模块:qc
[ 2013-12-29T21:59:15+08:00 ] ERR: (ThinkException) 无法加载模块:qc
[ 2013-12-29T22:04:05+08:00 ] ERR: (ThinkException) 模板不存在[./qc/Modules/Index/Tpl/Carhire/zhuche.html]
[ 2013-12-29T22:04:48+08:00 ] ERR: (ThinkException) 非法操作:css
[ 2013-12-29T22:04:48+08:00 ] ERR: (ThinkException) 非法操作:images
[ 2013-12-29T22:04:48+08:00 ] ERR: (ThinkException) 非法操作:css
[ 2013-12-29T22:04:48+08:00 ] ERR: (ThinkException) 非法操作:My97DatePicker
[ 2013-12-29T22:04:48+08:00 ] ERR: (ThinkException) 非法操作:js
[ 2013-12-29T22:04:48+08:00 ] ERR: (ThinkException) 非法操作:js
[ 2013-12-29T22:04:49+08:00 ] ERR: (ThinkException) 非法操作:images
[ 2013-12-29T22:04:49+08:00 ] ERR: (ThinkException) 非法操作:images
[ 2013-12-29T22:04:49+08:00 ] ERR: (ThinkException) 非法操作:images
[ 2013-12-29T22:04:49+08:00 ] ERR: (ThinkException) 非法操作:images
[ 2013-12-29T22:04:49+08:00 ] ERR: (ThinkException) 非法操作:images
[ 2013-12-29T22:04:49+08:00 ] ERR: (ThinkException) 非法操作:images
[ 2013-12-29T22:04:49+08:00 ] ERR: (ThinkException) 非法操作:images
[ 2013-12-29T22:06:28+08:00 ] ERR: (ThinkException) 非法操作:css
[ 2013-12-29T22:06:28+08:00 ] ERR: (ThinkException) 非法操作:images
[ 2013-12-29T22:06:28+08:00 ] ERR: (ThinkException) 非法操作:css
[ 2013-12-29T22:06:28+08:00 ] ERR: (ThinkException) 非法操作:My97DatePicker
[ 2013-12-29T22:06:28+08:00 ] ERR: (ThinkException) 非法操作:js
[ 2013-12-29T22:06:28+08:00 ] ERR: (ThinkException) 非法操作:js
[ 2013-12-29T22:06:28+08:00 ] ERR: (ThinkException) 非法操作:images
[ 2013-12-29T22:06:28+08:00 ] ERR: (ThinkException) 非法操作:images
[ 2013-12-29T22:06:28+08:00 ] ERR: (ThinkException) 非法操作:images
[ 2013-12-29T22:06:28+08:00 ] ERR: (ThinkException) 非法操作:images
[ 2013-12-29T22:06:28+08:00 ] ERR: (ThinkException) 非法操作:images
[ 2013-12-29T22:06:28+08:00 ] ERR: (ThinkException) 非法操作:images
[ 2013-12-29T22:06:28+08:00 ] ERR: (ThinkException) 非法操作:images
[ 2013-12-29T22:09:09+08:00 ] ERR: (ThinkException) 非法操作:images
[ 2013-12-29T22:10:12+08:00 ] ERR: (ThinkException) 非法操作:images
[ 2013-12-29T22:10:12+08:00 ] ERR: (ThinkException) 非法操作:images
[ 2013-12-29T22:31:05+08:00 ] ERR: (ThinkException) 无法加载模块:qc
[ 2013-12-29T22:49:42+08:00 ] ERR: (ThinkException) 无法加载模块:qc
[ 2013-12-29T22:57:42+08:00 ] ERR: (ThinkException) 无法加载模块:qc
[ 2013-12-29T22:58:31+08:00 ] ERR: (ThinkException) 无法加载模块:qc
[ 2013-12-29T23:01:27+08:00 ] ERR: (ThinkException) 无法加载模块:qc
[ 2013-12-29T23:02:59+08:00 ] ERR: (ThinkException) 无法加载模块:qc
