[ 2013-12-27T15:40:52+08:00 ] ERR: (ThinkException) 无法加载模块:qc
[ 2013-12-27T15:45:08+08:00 ] ERR: (ThinkException) 无法加载模块:qc
[ 2013-12-27T16:25:01+08:00 ] ERR: (ThinkException) 无法加载模块:qc
[ 2013-12-27T16:28:17+08:00 ] ERR: (ThinkException) 无法加载模块:qc
[ 2013-12-27T16:41:39+08:00 ] ERR: (ThinkException) 无法加载模块:qc
[ 2013-12-27T16:42:06+08:00 ] ERR: (ThinkException) 无法加载模块:qc
[ 2013-12-27T16:42:18+08:00 ] ERR: (ThinkException) 无法加载模块:qc
[ 2013-12-27T16:47:10+08:00 ] ERR: (ThinkException) 无法加载模块:qc
[ 2013-12-27T16:47:28+08:00 ] ERR: (ThinkException) 无法加载模块:qc
[ 2013-12-27T16:47:43+08:00 ] ERR: (ThinkException) 无法加载模块:qc
[ 2013-12-27T20:52:15+08:00 ] ERR: (ThinkException) 无法加载模块:qc
[ 2013-12-27T20:52:15+08:00 ] ERR: (ThinkException) 无法加载模块:qc
[ 2013-12-27T20:52:15+08:00 ] ERR: (ThinkException) 无法加载模块:qc
[ 2013-12-27T22:38:37+08:00 ] ERR: (ThinkException) 无法加载模块:qc
[ 2013-12-27T22:38:37+08:00 ] ERR: (ThinkException) 无法加载模块:qc
[ 2013-12-27T22:38:37+08:00 ] ERR: (ThinkException) 无法加载模块:qc
[ 2013-12-27T22:38:45+08:00 ] ERR: (ThinkException) 无法加载模块:qc
[ 2013-12-27T22:38:45+08:00 ] ERR: (ThinkException) 无法加载模块:qc
[ 2013-12-27T22:38:45+08:00 ] ERR: (ThinkException) 无法加载模块:qc
[ 2013-12-27T22:39:14+08:00 ] ERR: (ThinkException) 无法加载模块:qc
[ 2013-12-27T22:39:14+08:00 ] ERR: (ThinkException) 无法加载模块:qc
[ 2013-12-27T22:39:14+08:00 ] ERR: (ThinkException) 无法加载模块:qc
[ 2013-12-27T22:42:12+08:00 ] ERR: (ThinkException) 无法加载模块:qc
[ 2013-12-27T22:42:12+08:00 ] ERR: (ThinkException) 无法加载模块:qc
[ 2013-12-27T22:42:12+08:00 ] ERR: (ThinkException) 无法加载模块:qc
[ 2013-12-27T22:43:30+08:00 ] ERR: (ThinkException) 无法加载模块:qc
[ 2013-12-27T22:44:11+08:00 ] ERR: (ThinkException) 非法操作:css
[ 2013-12-27T22:44:11+08:00 ] ERR: (ThinkException) 非法操作:images
[ 2013-12-27T22:44:11+08:00 ] ERR: (ThinkException) 非法操作:My97DatePicker
[ 2013-12-27T22:44:11+08:00 ] ERR: (ThinkException) 非法操作:js
[ 2013-12-27T22:44:11+08:00 ] ERR: (ThinkException) 非法操作:css
[ 2013-12-27T22:44:11+08:00 ] ERR: (ThinkException) 非法操作:js
[ 2013-12-27T22:44:11+08:00 ] ERR: (ThinkException) 非法操作:js
[ 2013-12-27T22:44:11+08:00 ] ERR: (ThinkException) 非法操作:js
[ 2013-12-27T22:44:11+08:00 ] ERR: (ThinkException) 非法操作:js
[ 2013-12-27T22:44:11+08:00 ] ERR: (ThinkException) 非法操作:js
[ 2013-12-27T22:44:11+08:00 ] ERR: (ThinkException) 非法操作:images
[ 2013-12-27T22:44:11+08:00 ] ERR: (ThinkException) 非法操作:images
[ 2013-12-27T22:44:11+08:00 ] ERR: (ThinkException) 非法操作:images
[ 2013-12-27T22:44:11+08:00 ] ERR: (ThinkException) 非法操作:images
[ 2013-12-27T22:45:05+08:00 ] ERR: (ThinkException) 无法加载模块:qc
[ 2013-12-27T22:45:43+08:00 ] ERR: (ThinkException) 无法加载模块:qc
[ 2013-12-27T22:46:06+08:00 ] ERR: (ThinkException) 无法加载模块:qc
[ 2013-12-27T22:46:22+08:00 ] ERR: (ThinkException) 非法操作:css
[ 2013-12-27T22:46:22+08:00 ] ERR: (ThinkException) 非法操作:images
[ 2013-12-27T22:46:22+08:00 ] ERR: (ThinkException) 非法操作:css
[ 2013-12-27T22:46:22+08:00 ] ERR: (ThinkException) 非法操作:My97DatePicker
[ 2013-12-27T22:46:22+08:00 ] ERR: (ThinkException) 非法操作:js
[ 2013-12-27T22:46:22+08:00 ] ERR: (ThinkException) 非法操作:js
[ 2013-12-27T22:46:22+08:00 ] ERR: (ThinkException) 非法操作:js
[ 2013-12-27T22:46:22+08:00 ] ERR: (ThinkException) 非法操作:js
[ 2013-12-27T22:46:22+08:00 ] ERR: (ThinkException) 非法操作:js
[ 2013-12-27T22:46:22+08:00 ] ERR: (ThinkException) 非法操作:js
[ 2013-12-27T22:46:22+08:00 ] ERR: (ThinkException) 非法操作:images
[ 2013-12-27T22:46:22+08:00 ] ERR: (ThinkException) 非法操作:images
[ 2013-12-27T22:46:22+08:00 ] ERR: (ThinkException) 非法操作:images
[ 2013-12-27T22:46:22+08:00 ] ERR: (ThinkException) 非法操作:images
[ 2013-12-27T22:46:28+08:00 ] ERR: (ThinkException) 无法加载模块:qc
[ 2013-12-27T22:48:31+08:00 ] ERR: (ThinkException) 无法加载模块:qc
[ 2013-12-27T22:48:34+08:00 ] ERR: (ThinkException) 无法加载模块:qc
[ 2013-12-27T22:48:34+08:00 ] ERR: (ThinkException) 无法加载模块:qc
[ 2013-12-27T22:48:34+08:00 ] ERR: (ThinkException) 无法加载模块:qc
[ 2013-12-27T22:49:19+08:00 ] ERR: (ThinkException) 无法加载模块:qc
[ 2013-12-27T22:49:20+08:00 ] ERR: (ThinkException) 无法加载模块:qc
[ 2013-12-27T22:49:22+08:00 ] ERR: (ThinkException) 无法加载模块:qc
[ 2013-12-27T22:49:56+08:00 ] ERR: (ThinkException) 无法加载模块:qc
[ 2013-12-27T22:49:56+08:00 ] ERR: (ThinkException) 无法加载模块:qc
[ 2013-12-27T22:49:56+08:00 ] ERR: (ThinkException) 无法加载模块:qc
[ 2013-12-27T22:49:58+08:00 ] ERR: (ThinkException) 无法加载模块:qc
[ 2013-12-27T22:50:45+08:00 ] ERR: (ThinkException) 无法加载模块:qc
[ 2013-12-27T22:50:45+08:00 ] ERR: (ThinkException) 无法加载模块:qc
[ 2013-12-27T22:50:45+08:00 ] ERR: (ThinkException) 无法加载模块:qc
[ 2013-12-27T22:52:00+08:00 ] ERR: (ThinkException) 无法加载模块:qc
[ 2013-12-27T22:53:11+08:00 ] ERR: (ThinkException) 无法加载模块:qc
[ 2013-12-27T22:53:12+08:00 ] ERR: (ThinkException) 无法加载模块:qc
[ 2013-12-27T22:53:33+08:00 ] ERR: (ThinkException) 无法加载模块:qc
[ 2013-12-27T22:53:36+08:00 ] ERR: (ThinkException) 无法加载模块:qc
[ 2013-12-27T22:54:18+08:00 ] ERR: (ThinkException) 无法加载模块:qc
[ 2013-12-27T22:57:00+08:00 ] ERR: (ThinkException) 无法加载模块:qc
[ 2013-12-27T22:57:00+08:00 ] ERR: (ThinkException) 无法加载模块:qc
[ 2013-12-27T22:57:00+08:00 ] ERR: (ThinkException) 无法加载模块:qc
[ 2013-12-27T22:57:03+08:00 ] ERR: (ThinkException) 无法加载模块:qc
[ 2013-12-27T22:57:04+08:00 ] ERR: (ThinkException) 无法加载模块:qc
[ 2013-12-27T22:57:04+08:00 ] ERR: (ThinkException) 无法加载模块:qc
[ 2013-12-27T23:01:01+08:00 ] ERR: (ThinkException) 非法操作:
[ 2013-12-27T23:01:58+08:00 ] ERR: (ThinkException) 非法操作:yzm
[ 2013-12-27T23:02:09+08:00 ] ERR: (ThinkException) 无法加载模块:qc
[ 2013-12-27T23:04:33+08:00 ] ERR: (ThinkException) 非法操作:yzm
[ 2013-12-27T23:04:38+08:00 ] ERR: (ThinkException) 无法加载模块:index
[ 2013-12-27T23:04:51+08:00 ] ERR: (ThinkException) 非法操作:yzm
[ 2013-12-27T23:36:33+08:00 ] ERR: (ThinkException) 坑爹呀，页面不存在！
