[ 2013-12-30T00:44:33+08:00 ] ERR: (ThinkException) 非法操作:images
[ 2013-12-30T00:44:33+08:00 ] ERR: (ThinkException) 非法操作:images
[ 2013-12-30T00:48:40+08:00 ] ERR: (ThinkException) 无法加载模块:qc
[ 2013-12-30T00:59:54+08:00 ] ERR: (ThinkException) 无法加载模块:qc
[ 2013-12-30T01:19:12+08:00 ] ERR: (ThinkException) 无法加载模块:qc
[ 2013-12-30T01:20:52+08:00 ] ERR: (ThinkException) 无法加载模块:qc
[ 2013-12-30T01:22:15+08:00 ] ERR: (ThinkException) 无法加载模块:qc
[ 2013-12-30T01:24:15+08:00 ] ERR: (ThinkException) 无法加载模块:qc
[ 2013-12-30T01:26:38+08:00 ] ERR: (ThinkException) 无法加载模块:qc
[ 2013-12-30T01:26:53+08:00 ] ERR: (ThinkException) 无法加载模块:qc
[ 2013-12-30T01:29:00+08:00 ] ERR: (ThinkException) 无法加载模块:qc
[ 2013-12-30T01:32:37+08:00 ] ERR: (ThinkException) 无法加载模块:qc
[ 2013-12-30T01:35:06+08:00 ] ERR: (ThinkException) 无法加载模块:qc
[ 2013-12-30T01:35:16+08:00 ] ERR: (ThinkException) 无法加载模块:qc
[ 2013-12-30T01:37:05+08:00 ] ERR: (ThinkException) 无法加载模块:qc
[ 2013-12-30T01:38:38+08:00 ] ERR: (ThinkException) 无法加载模块:qc
[ 2013-12-30T01:38:52+08:00 ] ERR: (ThinkException) 无法加载模块:qc
[ 2013-12-30T01:39:52+08:00 ] ERR: (ThinkException) 无法加载模块:index
[ 2013-12-30T01:40:01+08:00 ] ERR: (ThinkException) 无法加载模块:index
[ 2013-12-30T01:44:02+08:00 ] ERR: (ThinkException) 无法加载模块:qc
[ 2013-12-30T01:47:52+08:00 ] ERR: (ThinkException) 无法加载模块:index
[ 2013-12-30T01:48:32+08:00 ] ERR: (ThinkException) 无法加载模块:index
[ 2013-12-30T01:59:13+08:00 ] ERR: (ThinkException) 无法加载模块:index
[ 2013-12-30T02:00:19+08:00 ] ERR: (ThinkException) 无法加载模块:index
[ 2013-12-30T13:46:35+08:00 ] ERR: (ThinkException) 无法加载模块:index
[ 2013-12-30T13:47:05+08:00 ] ERR: (ThinkException) 无法加载模块:index
[ 2013-12-30T14:10:51+08:00 ] ERR: (ThinkException) 无法加载模块:index
[ 2013-12-30T14:11:01+08:00 ] ERR: (ThinkException) 无法加载模块:index
[ 2013-12-30T14:11:10+08:00 ] ERR: (ThinkException) 无法加载模块:index
[ 2013-12-30T14:11:10+08:00 ] ERR: (ThinkException) 无法加载模块:index
[ 2013-12-30T14:11:18+08:00 ] ERR: (ThinkException) 无法加载模块:index
[ 2013-12-30T14:11:47+08:00 ] ERR: (ThinkException) 无法加载模块:index
[ 2013-12-30T14:11:50+08:00 ] ERR: (ThinkException) 无法加载模块:index
[ 2013-12-30T16:22:41+08:00 ] ERR: (ThinkException) 无法加载模块:qc
[ 2013-12-30T16:25:37+08:00 ] ERR: (ThinkException) 无法加载模块:qc
[ 2013-12-30T16:37:42+08:00 ] ERR: (ThinkException) 无法加载模块:qc
[ 2013-12-30T16:40:37+08:00 ] ERR: (ThinkException) 无法加载模块:qc
[ 2013-12-30T17:27:58+08:00 ] ERR: (ThinkException) 无法加载模块:CarhireAction
[ 2013-12-30T17:28:36+08:00 ] ERR: (ThinkException) 无法加载模块:CarhireAction
[ 2013-12-30T22:01:41+08:00 ] ERR: (ThinkException) 无法加载模块:Shop
[ 2013-12-30T22:01:43+08:00 ] ERR: (ThinkException) 无法加载模块:Shop
[ 2013-12-30T22:01:44+08:00 ] ERR: (ThinkException) 无法加载模块:Shop
[ 2013-12-30T22:01:51+08:00 ] ERR: (ThinkException) 模板不存在[./qc/Modules/Index/Tpl/Goods/shop.html]
[ 2013-12-30T22:02:32+08:00 ] ERR: (ThinkException) 无法加载模块:Shop
[ 2013-12-30T22:04:45+08:00 ] ERR: (ThinkException) 无法加载模块:Shop
[ 2013-12-30T22:04:47+08:00 ] ERR: (ThinkException) 无法加载模块:Shop
[ 2013-12-30T22:05:32+08:00 ] ERR: (ThinkException) 无法加载模块:qc
[ 2013-12-30T22:06:42+08:00 ] ERR: (ThinkException) 无法加载模块:Shop
[ 2013-12-30T22:07:23+08:00 ] ERR: (ThinkException) 无法加载模块:Shop
[ 2013-12-30T22:07:40+08:00 ] ERR: (ThinkException) 无法加载模块:Shop
[ 2013-12-30T22:28:46+08:00 ] ERR: (ThinkException) 无法加载模块:Shop
[ 2013-12-30T23:06:49+08:00 ] ERR: (ThinkException) 非法操作:sechUser
[ 2013-12-30T23:06:51+08:00 ] ERR: (ThinkException) 非法操作:sechUser
[ 2013-12-30T23:07:21+08:00 ] ERR: (ThinkException) 非法操作:sechUser
[ 2013-12-30T23:17:02+08:00 ] ERR: (ThinkException) 非法操作:lockIndex
[ 2013-12-30T23:20:07+08:00 ] ERR: (ThinkException) 非法操作:sechUser
[ 2013-12-30T23:20:13+08:00 ] ERR: (ThinkException) 非法操作:sechUser
[ 2013-12-30T23:22:27+08:00 ] ERR: (ThinkException) 模板不存在[./qc/Modules/admin/Tpl/IndexUser/sechIndexUser.html]
[ 2013-12-30T23:39:44+08:00 ] ERR: (ThinkException) 无法加载模块:qifu
[ 2013-12-30T23:47:39+08:00 ] ERR: (ThinkException) 无法加载模块:qc
[ 2013-12-30T23:47:53+08:00 ] ERR: (ThinkException) 无法加载模块:qc
[ 2013-12-30T23:48:12+08:00 ] ERR: (ThinkException) 无法加载模块:qc
[ 2013-12-30T23:49:56+08:00 ] ERR: (ThinkException) 无法加载模块:qifu
[ 2013-12-30T23:52:51+08:00 ] ERR: (ThinkException) 无法加载模块:Shop
