[ 2013-12-24T14:04:54+08:00 ] ERR: (ThinkException) 无法加载模块:qc
[ 2013-12-24T14:04:55+08:00 ] ERR: (ThinkException) 无法加载模块:qc
[ 2013-12-24T14:06:00+08:00 ] ERR: (ThinkException) 无法加载模块:qc
[ 2013-12-24T14:08:39+08:00 ] ERR: (ThinkException) 无法加载模块:qc
[ 2013-12-24T14:08:41+08:00 ] ERR: (ThinkException) 无法加载模块:qc
[ 2013-12-24T14:08:53+08:00 ] ERR: (ThinkException) 无法加载模块:qc
[ 2013-12-24T14:09:02+08:00 ] ERR: (ThinkException) 无法加载模块:qc
[ 2013-12-24T14:09:05+08:00 ] ERR: (ThinkException) 无法加载模块:qc
[ 2013-12-24T14:09:13+08:00 ] ERR: (ThinkException) 无法加载模块:qc
[ 2013-12-24T14:09:47+08:00 ] ERR: (ThinkException) 无法加载模块:qc
[ 2013-12-24T14:10:01+08:00 ] ERR: (ThinkException) 无法加载模块:qc
[ 2013-12-24T14:10:13+08:00 ] ERR: (ThinkException) 无法加载模块:qc
[ 2013-12-24T14:10:20+08:00 ] ERR: (ThinkException) 无法加载模块:qc
[ 2013-12-24T14:10:43+08:00 ] ERR: (ThinkException) 无法加载模块:qc
[ 2013-12-24T14:10:54+08:00 ] ERR: (ThinkException) 无法加载模块:qc
[ 2013-12-24T14:11:15+08:00 ] ERR: (ThinkException) 无法加载模块:qc
[ 2013-12-24T14:11:28+08:00 ] ERR: (ThinkException) 无法加载模块:qc
[ 2013-12-24T14:11:44+08:00 ] ERR: (ThinkException) 无法加载模块:qc
[ 2013-12-24T14:13:39+08:00 ] ERR: (ThinkException) 无法加载模块:qc
[ 2013-12-24T14:19:51+08:00 ] ERR: (ThinkException) 无法加载模块:qc
[ 2013-12-24T14:24:33+08:00 ] ERR: (ThinkException) 无法加载模块:qc
[ 2013-12-24T14:29:33+08:00 ] ERR: (ThinkException) 无法加载模块:qc
[ 2013-12-24T14:38:21+08:00 ] ERR: (ThinkException) 无法加载模块:qc
[ 2013-12-24T14:39:50+08:00 ] ERR: (ThinkException) 无法加载模块:qc
[ 2013-12-24T14:40:59+08:00 ] ERR: (ThinkException) 无法加载模块:qc
[ 2013-12-24T14:41:37+08:00 ] ERR: (ThinkException) 无法加载模块:qc
[ 2013-12-24T14:42:05+08:00 ] ERR: (ThinkException) 无法加载模块:qc
[ 2013-12-24T14:42:46+08:00 ] ERR: (ThinkException) 无法加载模块:qc
[ 2013-12-24T14:43:32+08:00 ] ERR: (ThinkException) 无法加载模块:qc
[ 2013-12-24T14:43:50+08:00 ] ERR: (ThinkException) 无法加载模块:qifu
[ 2013-12-24T14:44:55+08:00 ] ERR: (ThinkException) XML标签语法错误 : condition='$v["medium"]
[ 2013-12-24T14:44:55+08:00 ] ERR: (ThinkException) 非法操作:
[ 2013-12-24T14:44:55+08:00 ] ERR: (ThinkException) 非法操作:__PUBLIC__
[ 2013-12-24T14:44:55+08:00 ] ERR: (ThinkException) 非法操作:__PUBLIC__
[ 2013-12-24T14:44:55+08:00 ] ERR: (ThinkException) 非法操作:__PUBLIC__
[ 2013-12-24T14:44:55+08:00 ] ERR: (ThinkException) 非法操作:
[ 2013-12-24T14:44:59+08:00 ] ERR: (ThinkException) XML标签语法错误 : condition='$v["medium"]
[ 2013-12-24T14:44:59+08:00 ] ERR: (ThinkException) 非法操作:
[ 2013-12-24T14:44:59+08:00 ] ERR: (ThinkException) 非法操作:__PUBLIC__
[ 2013-12-24T14:44:59+08:00 ] ERR: (ThinkException) 非法操作:__PUBLIC__
[ 2013-12-24T14:44:59+08:00 ] ERR: (ThinkException) 非法操作:__PUBLIC__
[ 2013-12-24T14:44:59+08:00 ] ERR: (ThinkException) 非法操作:
[ 2013-12-24T14:53:58+08:00 ] ERR: (ThinkException) 无法加载模块:qc
[ 2013-12-24T14:54:26+08:00 ] ERR: (ThinkException) 无法加载模块:qc
[ 2013-12-24T15:14:36+08:00 ] ERR: (ThinkException) 模板不存在[./qc/Modules/Index/Tpl/Circuit/index.html]
[ 2013-12-24T15:15:08+08:00 ] ERR: (ThinkException) 非法操作:images
[ 2013-12-24T15:16:14+08:00 ] ERR: (ThinkException) XML标签语法错误
[ 2013-12-24T15:28:32+08:00 ] ERR: (ThinkException) 非法操作:images
[ 2013-12-24T15:28:32+08:00 ] ERR: (ThinkException) 非法操作:images
[ 2013-12-24T15:29:35+08:00 ] ERR: (ThinkException) 无法加载模块:qc
[ 2013-12-24T15:29:38+08:00 ] ERR: (ThinkException) 无法加载模块:qc
[ 2013-12-24T15:48:49+08:00 ] ERR: (ThinkException) 无法加载模块:qc
[ 2013-12-24T15:51:08+08:00 ] ERR: (ThinkException) 无法加载模块:qc
[ 2013-12-24T15:51:26+08:00 ] ERR: (ThinkException) 无法加载模块:qc
[ 2013-12-24T15:54:13+08:00 ] ERR: (ThinkException) 无法加载模块:qc
[ 2013-12-24T16:55:49+08:00 ] ERR: (ThinkException) 非法操作:images
[ 2013-12-24T17:02:48+08:00 ] ERR: (ThinkException) 无法加载模块:qc
[ 2013-12-24T17:02:49+08:00 ] ERR: (ThinkException) 无法加载模块:Data
[ 2013-12-24T17:13:48+08:00 ] ERR: (ThinkException) 无法加载模块:qc
[ 2013-12-24T17:14:26+08:00 ] ERR: (ThinkException) 无法加载模块:qc
[ 2013-12-24T23:19:05+08:00 ] ERR: (ThinkException) 无法加载模块:qc
[ 2013-12-24T23:40:58+08:00 ] ERR: (ThinkException) 无法加载模块:qc
[ 2013-12-24T23:56:52+08:00 ] ERR: (ThinkException) 非法操作:images
[ 2013-12-24T23:59:06+08:00 ] ERR: (ThinkException) 非法操作:images
