[ 2014-01-07T00:21:08+08:00 ] ERR: (ThinkException) 无法加载模块:qc
[ 2014-01-07T00:21:51+08:00 ] ERR: (ThinkException) 非法操作:Public
[ 2014-01-07T00:22:23+08:00 ] ERR: (ThinkException) 无法加载模块:qc
[ 2014-01-07T00:25:32+08:00 ] ERR: (ThinkException) 无法加载模块:qc
[ 2014-01-07T00:26:14+08:00 ] ERR: (ThinkException) 无法加载模块:qingchun
[ 2014-01-07T00:26:50+08:00 ] ERR: (ThinkException) 无法加载模块:Pay
[ 2014-01-07T00:27:40+08:00 ] ERR: (ThinkException) 无法加载模块:Pay
[ 2014-01-07T00:28:13+08:00 ] ERR: (ThinkException) 无法加载模块:Tpl
[ 2014-01-07T00:28:54+08:00 ] ERR: (ThinkException) 无法加载模块:Tpl
[ 2014-01-07T00:29:00+08:00 ] ERR: (ThinkException) 无法加载模块:Public
[ 2014-01-07T00:31:03+08:00 ] ERR: (ThinkException) 非法操作:Pay
[ 2014-01-07T00:33:11+08:00 ] ERR: (ThinkException) 无法加载模块:Pay
[ 2014-01-07T00:34:35+08:00 ] ERR: (ThinkException) 无法加载模块:Pay
[ 2014-01-07T00:36:25+08:00 ] ERR: (ThinkException) 无法加载模块:qc
[ 2014-01-07T00:38:02+08:00 ] ERR: (ThinkException) 无法加载模块:qc
[ 2014-01-07T01:11:55+08:00 ] ERR: (ThinkException) 无法加载模块:qc
[ 2014-01-07T01:13:28+08:00 ] ERR: (ThinkException) 无法加载模块:qc
[ 2014-01-07T01:13:33+08:00 ] ERR: (ThinkException) 无法加载模块:qc
[ 2014-01-07T01:13:49+08:00 ] ERR: (ThinkException) 无法加载模块:qc
[ 2014-01-07T10:39:30+08:00 ] ERR: (ThinkException) 无法加载模块:qc
[ 2014-01-07T10:41:36+08:00 ] ERR: (ThinkException) 无法加载模块:qc
[ 2014-01-07T10:46:29+08:00 ] ERR: (ThinkException) 无法加载模块:qifu
[ 2014-01-07T10:46:41+08:00 ] ERR: (ThinkException) 无法加载模块:Weibo
[ 2014-01-07T10:46:45+08:00 ] ERR: (ThinkException) 无法加载模块:Weibo
[ 2014-01-07T10:50:29+08:00 ] ERR: (ThinkException) 无法加载模块:qifu
[ 2014-01-07T10:51:28+08:00 ] ERR: (ThinkException) 无法加载模块:qifu
[ 2014-01-07T10:54:53+08:00 ] ERR: (ThinkException) 无法加载模块:qifu
[ 2014-01-07T10:54:55+08:00 ] ERR: (ThinkException) 模板不存在[./qc/Modules/admin/Tpl/MsgManege/index.html]
[ 2014-01-07T10:54:56+08:00 ] ERR: (ThinkException) 模板不存在[./qc/Modules/admin/Tpl/MsgManege/index.html]
[ 2014-01-07T10:54:57+08:00 ] ERR: (ThinkException) 模板不存在[./qc/Modules/admin/Tpl/MsgManege/index.html]
[ 2014-01-07T10:55:00+08:00 ] ERR: (ThinkException) 模板不存在[./qc/Modules/admin/Tpl/MsgManege/index.html]
[ 2014-01-07T10:55:02+08:00 ] ERR: (ThinkException) 模板不存在[./qc/Modules/admin/Tpl/MsgManege/index.html]
[ 2014-01-07T10:56:07+08:00 ] ERR: (ThinkException) 无法加载模块:qifu
[ 2014-01-07T10:56:07+08:00 ] ERR: (ThinkException) 无法加载模块:qifu
[ 2014-01-07T10:56:08+08:00 ] ERR: (ThinkException) 无法加载模块:qifu
[ 2014-01-07T11:15:20+08:00 ] ERR: (ThinkException) 无法加载模块:qc
[ 2014-01-07T11:26:06+08:00 ] ERR: (ThinkException) 无法加载模块:qc
