[ 2014-01-02T15:26:09+08:00 ] ERR: (ThinkException) 无法加载模块:qc
[ 2014-01-02T17:53:58+08:00 ] ERR: (ThinkException) 非法操作:css
[ 2014-01-02T17:53:58+08:00 ] ERR: (ThinkException) 非法操作:images
[ 2014-01-02T17:53:58+08:00 ] ERR: (ThinkException) 非法操作:css
[ 2014-01-02T17:53:58+08:00 ] ERR: (ThinkException) 非法操作:My97DatePicker
[ 2014-01-02T17:53:58+08:00 ] ERR: (ThinkException) 非法操作:js
[ 2014-01-02T17:53:58+08:00 ] ERR: (ThinkException) 非法操作:js
[ 2014-01-02T17:53:58+08:00 ] ERR: (ThinkException) 非法操作:js
[ 2014-01-02T17:53:58+08:00 ] ERR: (ThinkException) 非法操作:js
[ 2014-01-02T17:53:58+08:00 ] ERR: (ThinkException) 非法操作:js
[ 2014-01-02T17:53:58+08:00 ] ERR: (ThinkException) 非法操作:js
[ 2014-01-02T17:53:58+08:00 ] ERR: (ThinkException) 非法操作:images
[ 2014-01-02T17:53:58+08:00 ] ERR: (ThinkException) 非法操作:images
[ 2014-01-02T17:53:58+08:00 ] ERR: (ThinkException) 非法操作:images
[ 2014-01-02T17:53:58+08:00 ] ERR: (ThinkException) 非法操作:images
[ 2014-01-02T17:57:12+08:00 ] ERR: (ThinkException) 无法加载模块:qc
[ 2014-01-02T17:57:12+08:00 ] ERR: (ThinkException) 无法加载模块:qc
[ 2014-01-02T17:57:12+08:00 ] ERR: (ThinkException) 无法加载模块:qc
[ 2014-01-02T17:57:12+08:00 ] ERR: (ThinkException) 无法加载模块:qc
[ 2014-01-02T22:54:47+08:00 ] ERR: (ThinkException) 无法加载模块:AuthManager
[ 2014-01-02T22:54:54+08:00 ] ERR: (ThinkException) 无法加载模块:User
[ 2014-01-02T23:23:21+08:00 ] ERR: (ThinkException) 无法加载模块:qc
