[ 2014-01-03T00:19:00+08:00 ] ERR: (ThinkException) 无法加载模块:qc
[ 2014-01-03T00:19:23+08:00 ] ERR: (ThinkException) 无法加载模块:qc
[ 2014-01-03T00:20:21+08:00 ] ERR: (ThinkException) 无法加载模块:qc
[ 2014-01-03T00:21:07+08:00 ] ERR: (ThinkException) 无法加载模块:qc
[ 2014-01-03T00:21:13+08:00 ] ERR: (ThinkException) 无法加载模块:qc
[ 2014-01-03T00:21:20+08:00 ] ERR: (ThinkException) 无法加载模块:qc
[ 2014-01-03T00:21:25+08:00 ] ERR: (ThinkException) 无法加载模块:qc
[ 2014-01-03T00:21:29+08:00 ] ERR: (ThinkException) 无法加载模块:qc
[ 2014-01-03T00:23:07+08:00 ] ERR: (ThinkException) 无法加载模块:qc
[ 2014-01-03T00:47:53+08:00 ] ERR: (ThinkException) 无法加载模块:qc
[ 2014-01-03T00:48:01+08:00 ] ERR: (ThinkException) 无法加载模块:qc
[ 2014-01-03T00:48:07+08:00 ] ERR: (ThinkException) 无法加载模块:qc
[ 2014-01-03T00:48:08+08:00 ] ERR: (ThinkException) 无法加载模块:qc
[ 2014-01-03T00:48:11+08:00 ] ERR: (ThinkException) 无法加载模块:qc
[ 2014-01-03T00:48:14+08:00 ] ERR: (ThinkException) 无法加载模块:qc
[ 2014-01-03T00:48:23+08:00 ] ERR: (ThinkException) 无法加载模块:qc
[ 2014-01-03T00:48:29+08:00 ] ERR: (ThinkException) 无法加载模块:qc
[ 2014-01-03T00:48:45+08:00 ] ERR: (ThinkException) 无法加载模块:qc
[ 2014-01-03T10:39:31+08:00 ] ERR: (ThinkException) 无法加载模块:qc
[ 2014-01-03T10:39:35+08:00 ] ERR: (ThinkException) 无法加载模块:qc
[ 2014-01-03T10:39:39+08:00 ] ERR: (ThinkException) 无法加载模块:qc
[ 2014-01-03T10:39:44+08:00 ] ERR: (ThinkException) 无法加载模块:qc
[ 2014-01-03T10:59:27+08:00 ] ERR: (ThinkException) 无法加载模块:AuthManager
[ 2014-01-03T11:47:22+08:00 ] ERR: (ThinkException) 无法加载模块:qc
[ 2014-01-03T11:48:40+08:00 ] ERR: (ThinkException) 无法加载模块:qc
[ 2014-01-03T11:48:41+08:00 ] ERR: (ThinkException) 无法加载模块:qc
[ 2014-01-03T11:50:13+08:00 ] ERR: (ThinkException) 无法加载模块:qc
[ 2014-01-03T11:50:28+08:00 ] ERR: (ThinkException) 无法加载模块:qc
[ 2014-01-03T11:50:49+08:00 ] ERR: (ThinkException) 无法加载模块:qc
[ 2014-01-03T11:50:58+08:00 ] ERR: (ThinkException) 无法加载模块:qc
[ 2014-01-03T11:51:47+08:00 ] ERR: (ThinkException) 无法加载模块:qc
[ 2014-01-03T11:51:58+08:00 ] ERR: (ThinkException) 无法加载模块:qc
[ 2014-01-03T11:52:06+08:00 ] ERR: (ThinkException) 无法加载模块:qc
[ 2014-01-03T11:52:13+08:00 ] ERR: (ThinkException) 无法加载模块:qc
[ 2014-01-03T11:52:27+08:00 ] ERR: (ThinkException) 无法加载模块:qc
[ 2014-01-03T12:04:20+08:00 ] ERR: (ThinkException) 无法加载模块:qc
[ 2014-01-03T13:01:34+08:00 ] ERR: (ThinkException) 无法加载模块:User
[ 2014-01-03T13:22:22+08:00 ] ERR: (ThinkException) 无法加载模块:User
[ 2014-01-03T13:22:28+08:00 ] ERR: (ThinkException) 无法加载模块:User
[ 2014-01-03T13:36:34+08:00 ] ERR: (ThinkException) 无法加载模块:User
[ 2014-01-03T13:53:33+08:00 ] ERR: (ThinkException) Action:post您所请求的方法不存在！
[ 2014-01-03T13:55:10+08:00 ] ERR: (ThinkException) Action:post您所请求的方法不存在！
[ 2014-01-03T13:55:56+08:00 ] ERR: (ThinkException) Action:post您所请求的方法不存在！
[ 2014-01-03T13:57:35+08:00 ] ERR: (ThinkException) Action:post您所请求的方法不存在！
[ 2014-01-03T14:17:23+08:00 ] ERR: (ThinkException) 无法加载模块:User
[ 2014-01-03T14:27:44+08:00 ] ERR: (ThinkException) 无法加载模块:AuthManager
[ 2014-01-03T15:39:48+08:00 ] ERR: (ThinkException) 无法加载模块:qifu
[ 2014-01-03T15:54:59+08:00 ] ERR: (ThinkException) 无法加载模块:qc
[ 2014-01-03T15:55:04+08:00 ] ERR: (ThinkException) 无法加载模块:qc
[ 2014-01-03T15:55:07+08:00 ] ERR: (ThinkException) 无法加载模块:qc
[ 2014-01-03T15:55:25+08:00 ] ERR: (ThinkException) 无法加载模块:qc
[ 2014-01-03T15:55:29+08:00 ] ERR: (ThinkException) 无法加载模块:qc
[ 2014-01-03T15:55:33+08:00 ] ERR: (ThinkException) 无法加载模块:qc
[ 2014-01-03T15:55:39+08:00 ] ERR: (ThinkException) 无法加载模块:qc
[ 2014-01-03T15:56:13+08:00 ] ERR: (ThinkException) 无法加载模块:qifu
[ 2014-01-03T16:08:13+08:00 ] ERR: (ThinkException) 无法加载模块:qc
[ 2014-01-03T16:12:28+08:00 ] ERR: (ThinkException) 无法加载模块:qc
[ 2014-01-03T16:16:24+08:00 ] ERR: (ThinkException) 无法加载模块:qc
[ 2014-01-03T16:17:49+08:00 ] ERR: (ThinkException) 非法操作:runHotel
[ 2014-01-03T16:17:54+08:00 ] ERR: (ThinkException) 无法加载模块:qc
[ 2014-01-03T16:23:36+08:00 ] ERR: (ThinkException) 无法加载模块:qc
[ 2014-01-03T16:23:38+08:00 ] ERR: (ThinkException) 无法加载模块:qc
[ 2014-01-03T16:23:45+08:00 ] ERR: (ThinkException) 无法加载模块:qc
[ 2014-01-03T16:26:05+08:00 ] ERR: (ThinkException) 无法加载模块:qc
[ 2014-01-03T16:27:30+08:00 ] ERR: (ThinkException) 无法加载模块:qc
[ 2014-01-03T16:31:45+08:00 ] ERR: (ThinkException) 非法操作:saveHotel
[ 2014-01-03T16:32:18+08:00 ] ERR: (ThinkException) 无法加载模块:qc
[ 2014-01-03T16:32:47+08:00 ] ERR: (ThinkException) 无法加载模块:qc
[ 2014-01-03T16:32:50+08:00 ] ERR: (ThinkException) 无法加载模块:qc
[ 2014-01-03T16:35:16+08:00 ] ERR: (ThinkException) 无法加载模块:qc
[ 2014-01-03T16:35:22+08:00 ] ERR: (ThinkException) 无法加载模块:qc
[ 2014-01-03T16:35:40+08:00 ] ERR: (ThinkException) 无法加载模块:qc
[ 2014-01-03T16:38:27+08:00 ] ERR: (ThinkException) 无法加载模块:qc
[ 2014-01-03T16:41:52+08:00 ] ERR: (ThinkException) 无法加载模块:news
[ 2014-01-03T16:43:34+08:00 ] ERR: (ThinkException) 无法加载模块:news
[ 2014-01-03T16:44:13+08:00 ] ERR: (ThinkException) 无法加载模块:qc
[ 2014-01-03T16:51:18+08:00 ] ERR: (ThinkException) 无法加载模块:news
[ 2014-01-03T16:52:00+08:00 ] ERR: (ThinkException) 无法加载模块:news
[ 2014-01-03T16:57:47+08:00 ] ERR: (ThinkException) 无法加载模块:qc
[ 2014-01-03T17:02:02+08:00 ] ERR: (ThinkException) 无法加载模块:qc
[ 2014-01-03T17:05:07+08:00 ] ERR: (ThinkException) 非法操作:sendHote
[ 2014-01-03T17:06:05+08:00 ] ERR: (ThinkException) 非法操作:sendHote
[ 2014-01-03T17:06:12+08:00 ] ERR: (ThinkException) 无法加载模块:qc
[ 2014-01-03T17:06:15+08:00 ] ERR: (ThinkException) 无法加载模块:qc
[ 2014-01-03T17:20:18+08:00 ] ERR: (ThinkException) 无法加载模块:qc
[ 2014-01-03T17:21:30+08:00 ] ERR: (ThinkException) 无法加载模块:qc
[ 2014-01-03T17:21:54+08:00 ] ERR: (ThinkException) 无法加载模块:qc
[ 2014-01-03T17:22:12+08:00 ] ERR: (ThinkException) 无法加载模块:qc
[ 2014-01-03T17:22:29+08:00 ] ERR: (ThinkException) 无法加载模块:qc
[ 2014-01-03T17:22:49+08:00 ] ERR: (ThinkException) 无法加载模块:qc
[ 2014-01-03T17:41:29+08:00 ] ERR: (ThinkException) 无法加载模块:qc
[ 2014-01-03T17:44:46+08:00 ] ERR: (ThinkException) 无法加载模块:qc
[ 2014-01-03T17:46:20+08:00 ] ERR: (ThinkException) 无法加载模块:qc
[ 2014-01-03T17:46:33+08:00 ] ERR: (ThinkException) 无法加载模块:qc
[ 2014-01-03T17:46:42+08:00 ] ERR: (ThinkException) 无法加载模块:qc
[ 2014-01-03T17:48:06+08:00 ] ERR: (ThinkException) 无法加载模块:qc
[ 2014-01-03T17:56:06+08:00 ] ERR: (ThinkException) 无法加载模块:qc
[ 2014-01-03T18:11:15+08:00 ] ERR: (ThinkException) 无法加载模块:qifu
[ 2014-01-03T18:11:17+08:00 ] ERR: (ThinkException) 无法加载模块:qifu
[ 2014-01-03T18:11:25+08:00 ] ERR: (ThinkException) 无法加载模块:qc
[ 2014-01-03T19:41:07+08:00 ] ERR: (ThinkException) 模板不存在[./qc/Modules/Index/Tpl/Index/login.html]
[ 2014-01-03T19:41:12+08:00 ] ERR: (ThinkException) 模板不存在[./qc/Modules/Index/Tpl/Index/login.html]
[ 2014-01-03T19:41:13+08:00 ] ERR: (ThinkException) 模板不存在[./qc/Modules/Index/Tpl/Index/login.html]
[ 2014-01-03T19:41:14+08:00 ] ERR: (ThinkException) 模板不存在[./qc/Modules/Index/Tpl/Index/login.html]
[ 2014-01-03T22:18:25+08:00 ] ERR: (ThinkException) 无法加载模块:qifu
[ 2014-01-03T23:06:37+08:00 ] ERR: (ThinkException) 无法加载模块:qc
[ 2014-01-03T23:23:03+08:00 ] ERR: (ThinkException) 非法操作:__PUBLIC__
[ 2014-01-03T23:23:15+08:00 ] ERR: (ThinkException) 非法操作:__PUBLIC__
[ 2014-01-03T23:24:56+08:00 ] ERR: (ThinkException) 非法操作:pic
[ 2014-01-03T23:25:04+08:00 ] ERR: (ThinkException) 非法操作:pic
[ 2014-01-03T23:26:17+08:00 ] ERR: (ThinkException) 非法操作:pic
